<?xml version="1.0" encoding="UTF-8"?>
<!-- Generated by org.testng.reporters.JUnitReportReporter -->
<testsuite skipped="0" hostname="Yongs-MacBook-Pro.local" name="regressionsuite.TestNG_TestClass1" tests="2" failures="0" timestamp="13 Jun 2018 02:08:41 GMT" time="0.008" errors="0">
  <testcase name="testMethod1" time="0.005" classname="regressionsuite.TestNG_TestClass1"/>
  <testcase name="testMethod2" time="0.003" classname="regressionsuite.TestNG_TestClass1"/>
</testsuite> <!-- regressionsuite.TestNG_TestClass1 -->
