<?xml version="1.0" encoding="UTF-8"?>
<!-- Generated by org.testng.reporters.JUnitReportReporter -->
<testsuite skipped="0" hostname="Yongs-MacBook-Pro.local" name="testclasses.Mama_TestClass" tests="4" failures="0" timestamp="13 Jun 2018 02:08:41 GMT" time="0.005" errors="0">
  <testcase name="testMethod1" time="0.002" classname="testclasses.Mama_TestClass"/>
  <testcase name="testMethod2" time="0.001" classname="testclasses.Mama_TestClass"/>
  <testcase name="testMethod2" time="0.001" classname="testclasses.Mama_TestClass"/>
  <testcase name="testMethod1" time="0.001" classname="testclasses.Mama_TestClass"/>
</testsuite> <!-- testclasses.Mama_TestClass -->
